<?xml version="1.0" encoding="UTF-8"?>
<!-- Generated by org.testng.reporters.JUnitXMLReporter -->
<testsuite ignored="0" hostname="ArnabLaptop" failures="0" tests="5" name="Default test" time="67.573" errors="0" timestamp="2023-02-20T09:33:23 IST">
  <testcase classname="Test.TestClass" name="testOne" time="19.25"/>
  <testcase classname="Test.TestClass" name="testTwo" time="10.316"/>
  <testcase classname="Test.TestClass" name="testThree" time="11.872"/>
  <testcase classname="Test.TestClass" name="testFour" time="13.123"/>
  <testcase classname="Test.TestClass" name="testFive" time="12.466"/>
</testsuite> <!-- Default test -->
