<?xml version="1.0" encoding="UTF-8"?>
<testng-results ignored="0" total="5" passed="5" failed="0" skipped="0">
  <reporter-output>
  </reporter-output>
  <suite started-at="2023-02-20T09:32:16 IST" name="Default suite" finished-at="2023-02-20T09:33:23 IST" duration-ms="67573">
    <groups>
    </groups>
    <test started-at="2023-02-20T09:32:16 IST" name="Default test" finished-at="2023-02-20T09:33:23 IST" duration-ms="67573">
      <class name="Test.TestClass">
        <test-method signature="testOne()[pri:0, instance:Test.TestClass@13df2a8c]" started-at="2023-02-20T09:32:16 IST" name="testOne" finished-at="2023-02-20T09:32:35 IST" duration-ms="19250" status="PASS">
          <reporter-output>
          </reporter-output>
        </test-method> <!-- testOne -->
        <test-method signature="testTwo()[pri:0, instance:Test.TestClass@13df2a8c]" started-at="2023-02-20T09:32:35 IST" name="testTwo" finished-at="2023-02-20T09:32:45 IST" depends-on-methods="Test.TestClass.testOne" duration-ms="10316" status="PASS">
          <reporter-output>
          </reporter-output>
        </test-method> <!-- testTwo -->
        <test-method signature="testThree()[pri:0, instance:Test.TestClass@13df2a8c]" started-at="2023-02-20T09:32:45 IST" name="testThree" finished-at="2023-02-20T09:32:57 IST" depends-on-methods="Test.TestClass.testTwo" duration-ms="11872" status="PASS">
          <reporter-output>
          </reporter-output>
        </test-method> <!-- testThree -->
        <test-method signature="testFour()[pri:0, instance:Test.TestClass@13df2a8c]" started-at="2023-02-20T09:32:57 IST" name="testFour" finished-at="2023-02-20T09:33:10 IST" depends-on-methods="Test.TestClass.testThree" duration-ms="13123" status="PASS">
          <reporter-output>
          </reporter-output>
        </test-method> <!-- testFour -->
        <test-method signature="testFive()[pri:0, instance:Test.TestClass@13df2a8c]" started-at="2023-02-20T09:33:10 IST" name="testFive" finished-at="2023-02-20T09:33:23 IST" depends-on-methods="Test.TestClass.testFour" duration-ms="12466" status="PASS">
          <reporter-output>
          </reporter-output>
        </test-method> <!-- testFive -->
        <test-method is-config="true" signature="endReport()[pri:0, instance:Test.TestClass@13df2a8c]" started-at="2023-02-20T09:33:23 IST" name="endReport" finished-at="2023-02-20T09:33:23 IST" duration-ms="471" status="PASS">
          <reporter-output>
          </reporter-output>
        </test-method> <!-- endReport -->
      </class> <!-- Test.TestClass -->
    </test> <!-- Default test -->
  </suite> <!-- Default suite -->
</testng-results>
