<?xml version="1.0" encoding="UTF-8"?>
<testng-results ignored="0" total="1" passed="1" failed="0" skipped="0">
  <reporter-output>
  </reporter-output>
  <suite started-at="2023-02-23T08:23:02 IST" name="Default suite" finished-at="2023-02-23T08:23:48 IST" duration-ms="45957">
    <groups>
    </groups>
    <test started-at="2023-02-23T08:23:02 IST" name="Default test" finished-at="2023-02-23T08:23:48 IST" duration-ms="45957">
      <class name="Test.Booking">
        <test-method signature="testOne()[pri:0, instance:Test.Booking@2ca923bb]" started-at="2023-02-23T08:23:02 IST" name="testOne" finished-at="2023-02-23T08:23:47 IST" duration-ms="44938" status="PASS">
          <reporter-output>
          </reporter-output>
        </test-method> <!-- testOne -->
        <test-method is-config="true" signature="close()[pri:0, instance:Test.Booking@2ca923bb]" started-at="2023-02-23T08:23:47 IST" name="close" finished-at="2023-02-23T08:23:48 IST" duration-ms="531" status="PASS">
          <reporter-output>
          </reporter-output>
        </test-method> <!-- close -->
        <test-method is-config="true" signature="endReport()[pri:0, instance:Test.Booking@2ca923bb]" started-at="2023-02-23T08:23:48 IST" name="endReport" finished-at="2023-02-23T08:23:48 IST" duration-ms="422" status="PASS">
          <reporter-output>
          </reporter-output>
        </test-method> <!-- endReport -->
      </class> <!-- Test.Booking -->
    </test> <!-- Default test -->
  </suite> <!-- Default suite -->
</testng-results>
